[INFO] Scanning for projects...
[INFO] 
[INFO] -----------< com.Architecture_Website:Architecture_Website >------------
[INFO] Building Architecture_Website 0.0.1-SNAPSHOT
[INFO]   from pom.xml
[INFO] --------------------------------[ jar ]---------------------------------
[INFO] 
[INFO] --- clean:3.5.0:clean (default-clean) @ Architecture_Website ---
[INFO] Deleting C:\Users\Acer\Desktop\MaiHuongARC\Architecture_website\target
[INFO] 
[INFO] --- resources:3.3.1:resources (default-resources) @ Architecture_Website ---
[INFO] Copying 1 resource from src\main\resources to target\classes
[INFO] Copying 0 resource from src\main\resources to target\classes
[INFO] 
[INFO] --- compiler:3.14.1:compile (default-compile) @ Architecture_Website ---
[INFO] Recompiling the module because of changed source code.
[INFO] Compiling 42 source files with javac [debug parameters release 17] to target\classes
[INFO] -------------------------------------------------------------
[ERROR] COMPILATION ERROR : 
[INFO] -------------------------------------------------------------
[ERROR] /C:/Users/Acer/Desktop/MaiHuongARC/Architecture_website/src/main/java/com/Architecture_Website/Architecture_Website/Model/CategoryEntity.java:[25,16] illegal start of type
[ERROR] /C:/Users/Acer/Desktop/MaiHuongARC/Architecture_website/src/main/java/com/Architecture_Website/Architecture_Website/Model/CategoryEntity.java:[28,26] <identifier> expected
[INFO] 2 errors 
[INFO] -------------------------------------------------------------
[INFO] ------------------------------------------------------------------------
[INFO] BUILD FAILURE
[INFO] ------------------------------------------------------------------------
[INFO] Total time:  1.174 s
[INFO] Finished at: 2026-02-26T21:52:03+07:00
[INFO] ------------------------------------------------------------------------
[ERROR] Failed to execute goal org.apache.maven.plugins:maven-compiler-plugin:3.14.1:compile (default-compile) on project Architecture_Website: Compilation failure: Compilation failure: 
[ERROR] /C:/Users/Acer/Desktop/MaiHuongARC/Architecture_website/src/main/java/com/Architecture_Website/Architecture_Website/Model/CategoryEntity.java:[25,16] illegal start of type
[ERROR] /C:/Users/Acer/Desktop/MaiHuongARC/Architecture_website/src/main/java/com/Architecture_Website/Architecture_Website/Model/CategoryEntity.java:[28,26] <identifier> expected
[ERROR] -> [Help 1]
[ERROR] 
[ERROR] To see the full stack trace of the errors, re-run Maven with the -e switch.
[ERROR] Re-run Maven using the -X switch to enable full debug logging.
[ERROR] 
[ERROR] For more information about the errors and possible solutions, please read the following articles:
[ERROR] [Help 1] http://cwiki.apache.org/confluence/display/MAVEN/MojoFailureException
